<?xml version="1.0" encoding="UTF-8"?>
<!-- Generated by org.testng.reporters.JUnitReportReporter -->
<testsuite hostname="ISIPL-PUNV-L406.local" failures="0" tests="3" name="day12.dataProviderDemo" time="0.005" errors="0" timestamp="2024-11-15T21:33:52 IST" skipped="0">
  <testcase classname="day12.dataProviderDemo" name="Demo1" time="0.002"/>
  <system-out/>
  <testcase classname="day12.dataProviderDemo" name="Demo1" time="0.001"/>
  <system-out/>
  <testcase classname="day12.dataProviderDemo" name="Demo1" time="0.002"/>
  <system-out/>
</testsuite> <!-- day12.dataProviderDemo -->
