<?xml version="1.0" encoding="UTF-8"?>
<!-- Generated by org.testng.reporters.JUnitReportReporter -->
<testsuite hostname="ISIPL-PUNV-L406.local" failures="0" tests="2" name="day12.StudentDemoDataProvider" time="0.019" errors="0" timestamp="2024-11-15T22:06:59 IST" skipped="0">
  <testcase classname="day12.StudentDemoDataProvider" name="methodWithAttribute" time="0.002"/>
  <system-out/>
  <testcase classname="day12.StudentDemoDataProvider" name="methodWithAttribute" time="0.017"/>
  <system-out/>
</testsuite> <!-- day12.StudentDemoDataProvider -->
