<?xml version="1.0" encoding="UTF-8"?>
<!-- Generated by org.testng.reporters.JUnitReportReporter -->
<testsuite hostname="ISIPL-PUNV-L406.local" failures="0" tests="4" name="day11.AttributeDemo3" time="0.017" errors="0" timestamp="2024-11-14T21:41:38 IST" skipped="0">
  <testcase classname="day11.AttributeDemo3" name="Demo2" time="0.012"/>
  <system-out/>
  <testcase classname="day11.AttributeDemo3" name="Demo6" time="0.001"/>
  <system-out/>
  <testcase classname="day11.AttributeDemo3" name="Demo3" time="0.002"/>
  <system-out/>
  <testcase classname="day11.AttributeDemo3" name="Demo5" time="0.002"/>
  <system-out/>
</testsuite> <!-- day11.AttributeDemo3 -->
