<?xml version="1.0" encoding="UTF-8"?>
<!-- Generated by org.testng.reporters.JUnitReportReporter -->
<testsuite hostname="ISIPL-PUNV-L406.local" failures="0" tests="1" name="day12.parameterDemo" time="0.017" errors="0" timestamp="2024-11-15T21:52:39 IST" skipped="0">
  <testcase classname="day12.parameterDemo" name="testMethod" time="0.017"/>
  <system-out/>
</testsuite> <!-- day12.parameterDemo -->
