<?xml version="1.0" encoding="UTF-8"?>
<!-- Generated by org.testng.reporters.JUnitReportReporter -->
<testsuite hostname="ISIPL-PUNV-L406.local" failures="0" tests="3" name="day11.AttributeDemo2" time="0.018" errors="0" timestamp="2024-11-14T21:31:38 IST" skipped="0">
  <testcase classname="day11.AttributeDemo2" name="demo3" time="0.002"/>
  <system-out/>
  <testcase classname="day11.AttributeDemo2" name="demo2" time="0.015"/>
  <system-out/>
  <testcase classname="day11.AttributeDemo2" name="demo1" time="0.001"/>
  <system-out/>
</testsuite> <!-- day11.AttributeDemo2 -->
