<?xml version="1.0" encoding="UTF-8"?>
<!-- Generated by org.testng.reporters.JUnitReportReporter -->
<testsuite hostname="ISIPL-PUNV-L406.local" failures="0" tests="2" name="day10.TestNGDemo" time="0.016" errors="0" timestamp="2024-11-13T21:53:17 IST" skipped="0">
  <testcase classname="day10.TestNGDemo" name="demo" time="0.015"/>
  <system-out/>
  <testcase classname="day10.TestNGDemo" name="demo1" time="0.001"/>
  <system-out/>
</testsuite> <!-- day10.TestNGDemo -->
