<?xml version="1.0" encoding="UTF-8"?>
<!-- Generated by org.testng.reporters.JUnitReportReporter -->
<testsuite hostname="ISIPL-PUNV-L406.local" failures="0" tests="1" name="day10.AnnotationDemo" time="0.013" errors="0" timestamp="2024-11-13T21:59:38 IST" skipped="0">
  <testcase classname="day10.AnnotationDemo" name="DemoTest" time="0.013"/>
  <system-out/>
</testsuite> <!-- day10.AnnotationDemo -->
